
--- Job reactorbatch_es.gms Start 06/23/21 13:28:21 34.3.0 rac355f3 WEX-WEI x86 64bit/MS Windows
--- Applying:
    C:\GAMS\34\gmsprmNT.txt
--- GAMS Parameters defined
    Input "D:\OneDrive - Universidad de Pamplona\Optimización de Procesos\Artículos para modelar\Parcial 3 Modelado\reactorbatch_es.gms"
    PageWidth 80
    PageSize 0
    PageContr 3
    Action CE
    ScrDir "D:\OneDrive - Universidad de Pamplona\Optimización de Procesos\Programas GAMS\225a\"
    SysDir C:\GAMS\34\
    WorkDir "D:\OneDrive - Universidad de Pamplona\Optimización de Procesos\Programas GAMS\"
    LogOption 3
    DFormat 0
    TFormat 0
    ErrorLog 99
    IDE 1
Licensee: GAMS Demo license for Andres Sierra            G210406|0002CO-GEN
          Universidad de Pamplona, Colombia                        DL037498
          C:\GAMS\34\gamslice.txt
          andrew.lol.serra@gmail.com, Andres Sierra                        
          Demo license for demonstration and instructional purposes only
GAMS 34.3.0   Copyright (C) 1987-2021 GAMS Development. All rights reserved
--- Starting compilation
--- reactorbatch_es.gms(56) 3 Mb 1 Error
*** Error 170 in D:\OneDrive - Universidad de Pamplona\Optimización de Procesos\Artículos para modelar\Parcial 3 Modelado\reactorbatch_es.gms
    Domain violation for element
--- reactorbatch_es.gms(61) 3 Mb 2 Errors
*** Error 170 in D:\OneDrive - Universidad de Pamplona\Optimización de Procesos\Artículos para modelar\Parcial 3 Modelado\reactorbatch_es.gms
    Domain violation for element
--- reactorbatch_es.gms(142) 3 Mb 3 Errors
*** Error 257 in D:\OneDrive - Universidad de Pamplona\Optimización de Procesos\Artículos para modelar\Parcial 3 Modelado\reactorbatch_es.gms
    Solve statement not checked because of previous errors
--- reactorbatch_es.gms(151) 3 Mb 3 Errors
*** Status: Compilation error(s)
--- Job reactorbatch_es.gms Stop 06/23/21 13:28:22 elapsed 0:00:00.188
Exit code = 2
